<?xml version="1.0" encoding="UTF-8"?>
<!-- Generated by org.testng.reporters.JUnitXMLReporter -->
<testsuite hostname="SPHINX" ignored="0" name="Test" tests="7" failures="6" timestamp="17 Jan 2019 11:37:27 GMT" time="0.55" errors="0">
  <testcase name="verifyTitle" time="0.027" classname="test.LoginTests">
    <failure type="java.lang.IllegalStateException" message="The driver executable does not exist: C:\Users\hamanquiton\Desktop\Tools\drivers\chromedriver.exe">
      <![CDATA[java.lang.IllegalStateException: The driver executable does not exist: C:\Users\hamanquiton\Desktop\Tools\drivers\chromedriver.exe
at com.google.common.base.Preconditions.checkState(Preconditions.java:199)
at org.openqa.selenium.remote.service.DriverService.checkExecutable(DriverService.java:121)
at org.openqa.selenium.remote.service.DriverService.findExecutable(DriverService.java:116)
at org.openqa.selenium.chrome.ChromeDriverService.access$000(ChromeDriverService.java:32)
at org.openqa.selenium.chrome.ChromeDriverService$Builder.findDefaultExecutable(ChromeDriverService.java:137)
at org.openqa.selenium.remote.service.DriverService$Builder.build(DriverService.java:296)
at org.openqa.selenium.chrome.ChromeDriverService.createDefaultService(ChromeDriverService.java:88)
at org.openqa.selenium.chrome.ChromeDriver.<init>(ChromeDriver.java:120)
at test.LoginTests.verifyTitle(LoginTests.java:26)
... Removed 29 stack frames]]>
    </failure>
  </testcase> <!-- verifyTitle -->
  <testcase name="verifyLogin" time="0.002" classname="test.LoginTests">
    <failure type="java.lang.IllegalStateException" message="The driver executable does not exist: C:\Users\hamanquiton\Desktop\Tools\drivers\chromedriver.exe">
      <![CDATA[java.lang.IllegalStateException: The driver executable does not exist: C:\Users\hamanquiton\Desktop\Tools\drivers\chromedriver.exe
at com.google.common.base.Preconditions.checkState(Preconditions.java:199)
at org.openqa.selenium.remote.service.DriverService.checkExecutable(DriverService.java:121)
at org.openqa.selenium.remote.service.DriverService.findExecutable(DriverService.java:116)
at org.openqa.selenium.chrome.ChromeDriverService.access$000(ChromeDriverService.java:32)
at org.openqa.selenium.chrome.ChromeDriverService$Builder.findDefaultExecutable(ChromeDriverService.java:137)
at org.openqa.selenium.remote.service.DriverService$Builder.build(DriverService.java:296)
at org.openqa.selenium.chrome.ChromeDriverService.createDefaultService(ChromeDriverService.java:88)
at org.openqa.selenium.chrome.ChromeDriver.<init>(ChromeDriver.java:120)
at test.LoginTests.verifyLogin(LoginTests.java:45)
... Removed 29 stack frames]]>
    </failure>
  </testcase> <!-- verifyLogin -->
  <testcase name="dataDrivenLogin" time="0.001" classname="test.LoginTests">
    <failure type="java.lang.IllegalStateException" message="The driver executable does not exist: C:\Users\hamanquiton\Desktop\Tools\drivers\chromedriver.exe">
      <![CDATA[java.lang.IllegalStateException: The driver executable does not exist: C:\Users\hamanquiton\Desktop\Tools\drivers\chromedriver.exe
at com.google.common.base.Preconditions.checkState(Preconditions.java:199)
at org.openqa.selenium.remote.service.DriverService.checkExecutable(DriverService.java:121)
at org.openqa.selenium.remote.service.DriverService.findExecutable(DriverService.java:116)
at org.openqa.selenium.chrome.ChromeDriverService.access$000(ChromeDriverService.java:32)
at org.openqa.selenium.chrome.ChromeDriverService$Builder.findDefaultExecutable(ChromeDriverService.java:137)
at org.openqa.selenium.remote.service.DriverService$Builder.build(DriverService.java:296)
at org.openqa.selenium.chrome.ChromeDriverService.createDefaultService(ChromeDriverService.java:88)
at org.openqa.selenium.chrome.ChromeDriver.<init>(ChromeDriver.java:120)
at test.LoginTests.dataDrivenLogin(LoginTests.java:96)
... Removed 29 stack frames]]>
    </failure>
  </testcase> <!-- dataDrivenLogin -->
  <testcase name="dataDrivenLogin" time="0.001" classname="test.LoginTests">
    <failure type="java.lang.IllegalStateException" message="The driver executable does not exist: C:\Users\hamanquiton\Desktop\Tools\drivers\chromedriver.exe">
      <![CDATA[java.lang.IllegalStateException: The driver executable does not exist: C:\Users\hamanquiton\Desktop\Tools\drivers\chromedriver.exe
at com.google.common.base.Preconditions.checkState(Preconditions.java:199)
at org.openqa.selenium.remote.service.DriverService.checkExecutable(DriverService.java:121)
at org.openqa.selenium.remote.service.DriverService.findExecutable(DriverService.java:116)
at org.openqa.selenium.chrome.ChromeDriverService.access$000(ChromeDriverService.java:32)
at org.openqa.selenium.chrome.ChromeDriverService$Builder.findDefaultExecutable(ChromeDriverService.java:137)
at org.openqa.selenium.remote.service.DriverService$Builder.build(DriverService.java:296)
at org.openqa.selenium.chrome.ChromeDriverService.createDefaultService(ChromeDriverService.java:88)
at org.openqa.selenium.chrome.ChromeDriver.<init>(ChromeDriver.java:120)
at test.LoginTests.dataDrivenLogin(LoginTests.java:96)
... Removed 29 stack frames]]>
    </failure>
  </testcase> <!-- dataDrivenLogin -->
  <testcase name="dataDrivenLogin" time="0.001" classname="test.LoginTests">
    <failure type="java.lang.IllegalStateException" message="The driver executable does not exist: C:\Users\hamanquiton\Desktop\Tools\drivers\chromedriver.exe">
      <![CDATA[java.lang.IllegalStateException: The driver executable does not exist: C:\Users\hamanquiton\Desktop\Tools\drivers\chromedriver.exe
at com.google.common.base.Preconditions.checkState(Preconditions.java:199)
at org.openqa.selenium.remote.service.DriverService.checkExecutable(DriverService.java:121)
at org.openqa.selenium.remote.service.DriverService.findExecutable(DriverService.java:116)
at org.openqa.selenium.chrome.ChromeDriverService.access$000(ChromeDriverService.java:32)
at org.openqa.selenium.chrome.ChromeDriverService$Builder.findDefaultExecutable(ChromeDriverService.java:137)
at org.openqa.selenium.remote.service.DriverService$Builder.build(DriverService.java:296)
at org.openqa.selenium.chrome.ChromeDriverService.createDefaultService(ChromeDriverService.java:88)
at org.openqa.selenium.chrome.ChromeDriver.<init>(ChromeDriver.java:120)
at test.LoginTests.dataDrivenLogin(LoginTests.java:96)
... Removed 29 stack frames]]>
    </failure>
  </testcase> <!-- dataDrivenLogin -->
  <testcase name="excelTest" time="0.0" classname="test.LoginTests">
    <skipped/>
  </testcase> <!-- excelTest -->
  <testcase name="globalSearchNoInput" time="0.002" classname="test.Functions">
    <failure type="java.lang.IllegalStateException" message="The driver executable does not exist: C:\Users\hamanquiton\Desktop\Tools\drivers\chromedriver.exe">
      <![CDATA[java.lang.IllegalStateException: The driver executable does not exist: C:\Users\hamanquiton\Desktop\Tools\drivers\chromedriver.exe
at com.google.common.base.Preconditions.checkState(Preconditions.java:199)
at org.openqa.selenium.remote.service.DriverService.checkExecutable(DriverService.java:121)
at org.openqa.selenium.remote.service.DriverService.findExecutable(DriverService.java:116)
at org.openqa.selenium.chrome.ChromeDriverService.access$000(ChromeDriverService.java:32)
at org.openqa.selenium.chrome.ChromeDriverService$Builder.findDefaultExecutable(ChromeDriverService.java:137)
at org.openqa.selenium.remote.service.DriverService$Builder.build(DriverService.java:296)
at org.openqa.selenium.chrome.ChromeDriverService.createDefaultService(ChromeDriverService.java:88)
at org.openqa.selenium.chrome.ChromeDriver.<init>(ChromeDriver.java:120)
at test.Functions.globalSearchNoInput(Functions.java:33)
... Removed 29 stack frames]]>
    </failure>
  </testcase> <!-- globalSearchNoInput -->
</testsuite> <!-- Test -->
